[debug] [2021-04-09T10:50:13.301Z] ----------------------------------------------------------------------
[debug] [2021-04-09T10:50:13.304Z] Command:       C:\Program Files\nodejs\node.exe C:\Users\Ts\AppData\Roaming\npm\node_modules\firebase-tools\lib\bin\firebase.js deploy
[debug] [2021-04-09T10:50:13.305Z] CLI Version:   9.9.0
[debug] [2021-04-09T10:50:13.305Z] Platform:      win32
[debug] [2021-04-09T10:50:13.305Z] Node Version:  v15.5.0
[debug] [2021-04-09T10:50:13.308Z] Time:          Fri Apr 09 2021 16:20:13 GMT+0530 (India Standard Time)
[debug] [2021-04-09T10:50:13.308Z] ----------------------------------------------------------------------
[debug] 
[debug] [2021-04-09T10:50:13.326Z] > command requires scopes: ["email","openid","https://www.googleapis.com/auth/cloudplatformprojects.readonly","https://www.googleapis.com/auth/firebase","https://www.googleapis.com/auth/cloud-platform"]
[debug] [2021-04-09T10:50:13.326Z] > authorizing via signed-in user (selvasizzler@gmail.com)
[debug] [2021-04-09T10:50:13.327Z] [iam] checking project thselvan-5ae7a for permissions ["firebase.projects.get","firebasehosting.sites.update"]
[debug] [2021-04-09T10:50:13.331Z] >>> HTTP REQUEST POST https://cloudresourcemanager.googleapis.com/v1/projects/thselvan-5ae7a:testIamPermissions  
 {"permissions":["firebase.projects.get","firebasehosting.sites.update"]}
[debug] [2021-04-09T10:50:15.273Z] <<< HTTP RESPONSE 200 {"content-type":"application/json; charset=UTF-8","vary":"X-Origin, Referer, Origin,Accept-Encoding","date":"Fri, 09 Apr 2021 10:50:15 GMT","server":"ESF","cache-control":"private","x-xss-protection":"0","x-frame-options":"SAMEORIGIN","x-content-type-options":"nosniff","server-timing":"gfet4t7; dur=1307","alt-svc":"h3-29=\":443\"; ma=2592000,h3-T051=\":443\"; ma=2592000,h3-Q050=\":443\"; ma=2592000,h3-Q046=\":443\"; ma=2592000,h3-Q043=\":443\"; ma=2592000,quic=\":443\"; ma=2592000; v=\"46,43\"","accept-ranges":"none","transfer-encoding":"chunked"}
[debug] [2021-04-09T10:50:15.277Z] > refreshing access token with scopes: []
[debug] [2021-04-09T10:50:15.278Z] >>> HTTP REQUEST POST https://www.googleapis.com/oauth2/v3/token  
 <request body omitted>
[debug] [2021-04-09T10:50:15.578Z] <<< HTTP RESPONSE 200 {"date":"Fri, 09 Apr 2021 10:50:15 GMT","cache-control":"no-cache, no-store, max-age=0, must-revalidate","expires":"Mon, 01 Jan 1990 00:00:00 GMT","pragma":"no-cache","content-type":"application/json; charset=utf-8","vary":"X-Origin, Referer, Origin,Accept-Encoding","server":"scaffolding on HTTPServer2","x-xss-protection":"0","x-frame-options":"SAMEORIGIN","x-content-type-options":"nosniff","alt-svc":"h3-29=\":443\"; ma=2592000,h3-T051=\":443\"; ma=2592000,h3-Q050=\":443\"; ma=2592000,h3-Q046=\":443\"; ma=2592000,h3-Q043=\":443\"; ma=2592000,quic=\":443\"; ma=2592000; v=\"46,43\"","accept-ranges":"none","transfer-encoding":"chunked"}
[debug] [2021-04-09T10:50:15.650Z] >>> [apiv2][query] GET https://firebase.googleapis.com/v1beta1/projects/thselvan-5ae7a [none]
[debug] [2021-04-09T10:50:36.716Z] Failed to make request to https://firebase.googleapis.com/v1beta1/projects/thselvan-5ae7a
[debug] [2021-04-09T10:50:37.300Z] FirebaseError: Failed to make request to https://firebase.googleapis.com/v1beta1/projects/thselvan-5ae7a
    at Client.doRequest (C:\Users\Ts\AppData\Roaming\npm\node_modules\firebase-tools\lib\apiv2.js:211:19)
    at processTicksAndRejections (node:internal/process/task_queues:93:5)
    at async Client.request (C:\Users\Ts\AppData\Roaming\npm\node_modules\firebase-tools\lib\apiv2.js:96:20)
    at async Object.getFirebaseProject (C:\Users\Ts\AppData\Roaming\npm\node_modules\firebase-tools\lib\management\projects.js:290:21)
    at async Object.getDefaultHostingSite (C:\Users\Ts\AppData\Roaming\npm\node_modules\firebase-tools\lib\getDefaultHostingSite.js:8:21)
    at async requireHostingSite (C:\Users\Ts\AppData\Roaming\npm\node_modules\firebase-tools\lib\requireHostingSite.js:9:18)
    at async Object.fn (C:\Users\Ts\AppData\Roaming\npm\node_modules\firebase-tools\lib\commands\deploy.js:66:9)
    at async C:\Users\Ts\AppData\Roaming\npm\node_modules\firebase-tools\lib\command.js:169:17
[error] 
[error] Error: Failed to get Firebase project thselvan-5ae7a. Please make sure the project exists and your account has permission to access it.
[debug] [2021-04-09T10:50:49.155Z] ----------------------------------------------------------------------
[debug] [2021-04-09T10:50:49.159Z] Command:       C:\Program Files\nodejs\node.exe C:\Users\Ts\AppData\Roaming\npm\node_modules\firebase-tools\lib\bin\firebase.js init
[debug] [2021-04-09T10:50:49.160Z] CLI Version:   9.9.0
[debug] [2021-04-09T10:50:49.160Z] Platform:      win32
[debug] [2021-04-09T10:50:49.160Z] Node Version:  v15.5.0
[debug] [2021-04-09T10:50:49.163Z] Time:          Fri Apr 09 2021 16:20:49 GMT+0530 (India Standard Time)
[debug] [2021-04-09T10:50:49.163Z] ----------------------------------------------------------------------
[debug] 
[debug] [2021-04-09T10:50:49.178Z] > command requires scopes: ["email","openid","https://www.googleapis.com/auth/cloudplatformprojects.readonly","https://www.googleapis.com/auth/firebase","https://www.googleapis.com/auth/cloud-platform"]
[debug] [2021-04-09T10:50:49.179Z] > authorizing via signed-in user (selvasizzler@gmail.com)
[info] 
     ######## #### ########  ######## ########     ###     ######  ########
     ##        ##  ##     ## ##       ##     ##  ##   ##  ##       ##
     ######    ##  ########  ######   ########  #########  ######  ######
     ##        ##  ##    ##  ##       ##     ## ##     ##       ## ##
     ##       #### ##     ## ######## ########  ##     ##  ######  ########

You're about to initialize a Firebase project in this directory:

  C:\Users\Ts\Desktop\Html Course\Html\Websites\MyPortfolio

Before we get started, keep in mind:

  * You are initializing in an existing Firebase project directory

[info] 
=== Project Setup
[info] 
[info] First, let's associate this project directory with a Firebase project.
[info] You can create multiple project aliases by running firebase use --add, 
[info] but for now we'll just set up a default project.
[info] 
[info] i  .firebaserc already has a default project, using thselvan-5ae7a. 
[debug] [2021-04-09T10:50:52.508Z] >>> [apiv2][query] GET https://firebase.googleapis.com/v1beta1/projects/thselvan-5ae7a [none]
[debug] [2021-04-09T10:51:13.548Z] Failed to make request to https://firebase.googleapis.com/v1beta1/projects/thselvan-5ae7a
[debug] [2021-04-09T10:51:14.116Z] FirebaseError: Failed to make request to https://firebase.googleapis.com/v1beta1/projects/thselvan-5ae7a
    at Client.doRequest (C:\Users\Ts\AppData\Roaming\npm\node_modules\firebase-tools\lib\apiv2.js:211:19)
    at processTicksAndRejections (node:internal/process/task_queues:93:5)
    at async Client.request (C:\Users\Ts\AppData\Roaming\npm\node_modules\firebase-tools\lib\apiv2.js:96:20)
    at async Object.getFirebaseProject (C:\Users\Ts\AppData\Roaming\npm\node_modules\firebase-tools\lib\management\projects.js:290:21)
    at async Object.doSetup [as project] (C:\Users\Ts\AppData\Roaming\npm\node_modules\firebase-tools\lib\init\features\project.js:77:27)
    at async init (C:\Users\Ts\AppData\Roaming\npm\node_modules\firebase-tools\lib\init\index.js:19:9)
[error] 
[error] Error: Failed to get Firebase project thselvan-5ae7a. Please make sure the project exists and your account has permission to access it.
